<?xml version="1.0" encoding="UTF-8"?>
<!-- Generated by org.testng.reporters.JUnitReportReporter -->
<testsuite hostname="MACC02VX0WFHTDD-2.local" name="pers.xiaoming.notebook.parameter.FactoryTest" tests="4" failures="0" timestamp="25 Mar 2018 05:36:33 GMT" time="0.006" errors="0">
  <testcase name="test" time="0.000" classname="pers.xiaoming.notebook.parameter.FactoryTest"/>
  <testcase name="test2" time="0.000" classname="pers.xiaoming.notebook.parameter.FactoryTest"/>
  <testcase name="test2" time="0.000" classname="pers.xiaoming.notebook.parameter.FactoryTest"/>
  <testcase name="test" time="0.006" classname="pers.xiaoming.notebook.parameter.FactoryTest"/>
</testsuite> <!-- pers.xiaoming.notebook.parameter.FactoryTest -->
